[debug] [2025-10-04T16:33:56.792Z] ----------------------------------------------------------------------
[debug] [2025-10-04T16:33:56.795Z] Command:       C:\Program Files\nodejs\node.exe C:\Users\rfp91\AppData\Roaming\npm\node_modules\firebase-tools\lib\bin\firebase.js init hosting
[debug] [2025-10-04T16:33:56.795Z] CLI Version:   14.18.0
[debug] [2025-10-04T16:33:56.795Z] Platform:      win32
[debug] [2025-10-04T16:33:56.796Z] Node Version:  v22.18.0
[debug] [2025-10-04T16:33:56.796Z] Time:          Sat Oct 04 2025 13:33:56 GMT-0300 (Horário Padrão de Brasília)
[debug] [2025-10-04T16:33:56.796Z] ----------------------------------------------------------------------
[debug] 
[debug] [2025-10-04T16:33:56.802Z] > command requires scopes: ["email","openid","https://www.googleapis.com/auth/cloudplatformprojects.readonly","https://www.googleapis.com/auth/firebase","https://www.googleapis.com/auth/cloud-platform"]
[debug] [2025-10-04T16:33:56.802Z] > authorizing via signed-in user (rafael.pinheiro.isulpar@gmail.com)
[info] 
     ######## #### ########  ######## ########     ###     ######  ########
     ##        ##  ##     ## ##       ##     ##  ##   ##  ##       ##
     ######    ##  ########  ######   ########  #########  ######  ######
     ##        ##  ##    ##  ##       ##     ## ##     ##       ## ##
     ##       #### ##     ## ######## ########  ##     ##  ######  ########

You're about to initialize a Firebase project in this directory:

  C:\Users\rfp91\OneDrive\Área de Trabalho\ProjetoNoticias\noticias\site-noticias\news-site

[info] 
=== Project Setup
[info] 
[info] First, let's associate this project directory with a Firebase project.
[info] You can create multiple project aliases by running firebase use --add, 
[info] but for now we'll just set up a default project.
[info] 
[debug] [2025-10-04T16:34:12.131Z] Checked if tokens are valid: true, expires at: 1759596883911
[debug] [2025-10-04T16:34:12.131Z] Checked if tokens are valid: true, expires at: 1759596883911
[debug] [2025-10-04T16:34:12.133Z] >>> [apiv2][query] GET https://firebase.googleapis.com/v1beta1/projects pageSize=100
[debug] [2025-10-04T16:34:13.015Z] <<< [apiv2][status] GET https://firebase.googleapis.com/v1beta1/projects 200
[debug] [2025-10-04T16:34:13.015Z] <<< [apiv2][body] GET https://firebase.googleapis.com/v1beta1/projects [omitted]
[debug] [2025-10-04T16:41:07.211Z] ExitPromptError: User force closed the prompt with SIGINT
    at Interface.sigint (C:\Users\rfp91\AppData\Roaming\npm\node_modules\firebase-tools\node_modules\@inquirer\core\dist\commonjs\lib\create-prompt.js:101:37)
    at Interface.emit (node:events:518:28)
    at Interface.emit (node:domain:489:12)
    at [_ttyWrite] [as _ttyWrite] (node:internal/readline/interface:1132:18)
    at ReadStream.onkeypress (node:internal/readline/interface:271:20)
    at ReadStream.emit (node:events:530:35)
    at ReadStream.emit (node:domain:489:12)
    at emitKeys (node:internal/readline/utils:370:14)
    at emitKeys.next (<anonymous>)
    at ReadStream.onData (node:internal/readline/emitKeypressEvents:64:36)
[error] 
[error] Error: An unexpected error has occurred.
